app/build/intermediates/manifest_merge_blame_file/debug/manifest-merger-blame-debug-report.txt
1<?xml version="1.0" encoding="utf-8"?>
2<manifest xmlns:android="http://schemas.android.com/apk/res/android"
3    package="com.maera"
4    android:versionCode="1"
5    android:versionName="1.0" >
6
7    <uses-sdk
8        android:minSdkVersion="26"
8-->src/main/AndroidManifest.xml
9        android:targetSdkVersion="29" />
9-->src/main/AndroidManifest.xml
10
11    <uses-permission android:name="android.permission.INTERNET" />
11-->src/main/AndroidManifest.xml:4:5-66
11-->src/main/AndroidManifest.xml:4:22-64
12
13    <application
13-->src/main/AndroidManifest.xml:6:5-27:19
14        android:allowBackup="true"
14-->src/main/AndroidManifest.xml:7:9-35
15        android:appComponentFactory="androidx.core.app.CoreComponentFactory"
15-->[androidx.core:core:1.1.0] AndroidManifest.xml:24:18-86
16        android:debuggable="true"
17        android:icon="@mipmap/ic_launcher"
17-->src/main/AndroidManifest.xml:8:9-43
18        android:label="@string/app_name"
18-->src/main/AndroidManifest.xml:9:9-41
19        android:roundIcon="@mipmap/ic_launcher_round"
19-->src/main/AndroidManifest.xml:10:9-54
20        android:supportsRtl="true"
20-->src/main/AndroidManifest.xml:11:9-35
21        android:theme="@style/AppTheme" >
21-->src/main/AndroidManifest.xml:12:9-40
22        <activity android:name="com.maera.activity.MainActivity" >
22-->src/main/AndroidManifest.xml:13:9-20:20
22-->src/main/AndroidManifest.xml:13:19-56
23            <intent-filter>
23-->src/main/AndroidManifest.xml:14:13-17:29
24                <action android:name="android.intent.action.MAIN" />
24-->src/main/AndroidManifest.xml:15:17-69
24-->src/main/AndroidManifest.xml:15:25-66
25
26                <category android:name="android.intent.category.LAUNCHER" />
26-->src/main/AndroidManifest.xml:16:17-77
26-->src/main/AndroidManifest.xml:16:27-74
27            </intent-filter>
28
29            <meta-data
29-->src/main/AndroidManifest.xml:18:13-19:53
30                android:name="android.app.searachable"
30-->src/main/AndroidManifest.xml:18:24-62
31                android:resource="@xml/searchable" />
31-->src/main/AndroidManifest.xml:19:17-51
32        </activity>
33        <activity
33-->src/main/AndroidManifest.xml:21:9-113
34            android:name="com.maera.activity.AirportActivity"
34-->src/main/AndroidManifest.xml:21:19-59
35            android:parentActivityName="com.maera.activity.MainActivity" />
35-->src/main/AndroidManifest.xml:21:60-111
36
37        <meta-data
37-->src/main/AndroidManifest.xml:23:9-25:57
38            android:name="preloaded_fonts"
38-->src/main/AndroidManifest.xml:24:13-43
39            android:resource="@array/preloaded_fonts" />
39-->src/main/AndroidManifest.xml:25:13-54
40    </application>
41
42</manifest>